2024-01-13 00:08:19,000 WARN [scheduler-1] com.example.listener (SecurityConfig.java:345) - Invalid credentials provided
2024-01-13 00:20:43,000 WARN [worker-2] com.example.model (LoggingAspect.java:461) - Task completed with warnings
2024-01-13 00:31:50,000 DEBUG [task-executor-1] com.example.messaging (EventListener.java:143) - Debug log entry: Operation started
2024-01-13 01:14:03,000 INFO [email-sender-1] com.example.dto (UserService.java:131) - Successful login from a new device
2024-01-13 02:01:04,000 INFO [api-request-2] com.example.logger (ValidationUtil.java:340) - Data backup completed
2024-01-13 02:09:37,000 INFO [email-sender-2] com.example.config (ProductController.java:221) - User data retrieved
2024-01-13 02:13:08,000 WARN [database-query-2] com.example.repository (MessageListener.java:132) - Permission denied: Access denied
2024-01-13 02:31:53,000 INFO [database-query-2] com.example.web (UserDTO.java:339) - User data retrieved
2024-01-13 02:33:23,000 INFO [notification-service-1] com.example.handler (MessageListener.java:419) - Email sent successfully
2024-01-13 03:07:25,000 ERROR [scheduler-1] com.example.dao (HomeController.java:308) - File download started
2024-01-13 03:23:51,000 ERROR [api-request-1] com.example.dao (NotificationService.java:172) - File download started
2024-01-13 03:29:43,000 WARN [request-handler-1] com.example.messaging (SecurityConfig.java:109) - Invalid credentials provided
2024-01-13 03:31:38,000 ERROR [email-sender-1] com.example.listener (DataTransformer.java:470) - Payment failed: Insufficient funds
2024-01-13 03:32:34,000 INFO [worker-2] com.example.controller (FileParser.java:214) - Authentication successful
2024-01-13 03:53:00,000 WARN [notification-service-2] com.example.messaging (UserDTO.java:313) - Resource not available
2024-01-13 04:04:01,000 INFO [notification-service-2] com.example.security (DatabaseConnection.java:212) - Data synchronization complete
2024-01-13 04:14:15,000 INFO [logging-thread-2] com.example.security (FileParser.java:403) - Data backup completed
2024-01-13 04:49:36,000 INFO [background-thread] com.example.dao (FileParser.java:489) - File uploaded successfully
2024-01-13 05:07:24,000 FATAL [http-nio-8080-exec-1] com.example.dto (MessageListener.java:486) - Emergency: System shutdown required
2024-01-13 06:55:57,000 WARN [email-sender-1] com.example.model (ValidationUtil.java:101) - Network error: Connection lost
2024-01-13 07:10:11,000 INFO [main] com.example.exception (DatabaseUtil.java:302) - Data backup completed
2024-01-13 07:56:48,000 ERROR [notification-service-2] com.example.listener (SecurityConfig.java:382) - Null pointer exception in user processing
2024-01-13 08:47:18,000 WARN [notification-service-2] com.example.dao (DataTransformer.java:474) - Invalid credentials provided
2024-01-13 09:01:36,000 WARN [notification-service-2] com.example.repository (UserDTO.java:453) - Task completed with warnings
2024-01-13 09:28:01,000 DEBUG [main] com.example.util (DatabaseConnection.java:77) - Debugging in progress: Module A
2024-01-13 10:00:34,000 WARN [http-nio-8080-exec-1] com.example.repository (EmailSender.java:158) - Task completed with warnings
2024-01-13 10:04:58,000 WARN [scheduler-1] com.example.validation (DataAccessObject.java:361) - Network error: Connection lost
2024-01-13 10:19:33,000 ERROR [worker-1] com.example.dao (DatabaseUtil.java:279) - Database connection failed: Timeout expired
2024-01-13 10:21:24,000 WARN [request-handler-1] com.example.controller (LoggingHandler.java:141) - Invalid credentials provided
2024-01-13 11:21:04,000 WARN [worker-1] com.example.web (DatabaseConnection.java:272) - Resource not available
2024-01-13 11:32:13,000 INFO [background-thread] com.example.config (ProductController.java:436) - Data synchronization complete
2024-01-13 11:36:26,000 WARN [api-request-1] com.example.web (ValidationUtil.java:381) - Permission denied: Access denied
2024-01-13 12:00:28,000 WARN [http-nio-8080-exec-1] com.example.scheduler (MessageListener.java:118) - Permission denied: Access denied
2024-01-13 12:11:38,000 INFO [database-query-2] com.example.handler (SecurityConfig.java:20) - Data backup completed
2024-01-13 12:24:11,000 WARN [notification-service-1] com.example.exception (MessageListener.java:281) - Permission denied: Access denied
2024-01-13 12:36:10,000 WARN [main] com.example.logger (ValidationUtil.java:435) - Network error: Connection lost
2024-01-13 13:04:16,000 INFO [worker-2] com.example.exception (NotificationService.java:120) - Authentication successful
2024-01-13 13:05:08,000 FATAL [http-nio-8080-exec-1] com.example.scheduler (DatabaseConnection.java:330) - Database server is not responding
2024-01-13 13:58:35,000 WARN [scheduler-1] com.example.config (UserService.java:186) - Invalid credentials provided
2024-01-13 15:02:15,000 ERROR [notification-service-1] com.example.service (DatabaseConnection.java:405) - Database connection failed: Timeout expired
2024-01-13 15:43:39,000 WARN [scheduler-1] com.example.controller (TaskScheduler.java:182) - Permission denied: Access denied
2024-01-13 15:45:23,000 FATAL [scheduler-1] com.example.controller (DatabaseConnection.java:19) - Database server is not responding
2024-01-13 16:52:34,000 INFO [request-handler-2] com.example.transformer (EmailSender.java:319) - Authentication successful
2024-01-13 17:10:05,000 INFO [request-handler-2] com.example.web (DataAccessObject.java:123) - Authentication successful
2024-01-13 17:52:53,000 FATAL [logging-thread-2] com.example.controller (DatabaseConnection.java:486) - Database server is not responding
2024-01-13 18:22:15,000 INFO [http-nio-8080-exec-1] com.example.repository (DataAccessObject.java:174) - Successful login from a new device
2024-01-13 18:24:40,000 WARN [scheduler-1] com.example.handler (TaskScheduler.java:188) - Permission denied: Access denied
2024-01-13 20:32:40,000 INFO [http-nio-8080-exec-1] com.example.app (FileParser.java:66) - Data synchronization complete
2024-01-13 20:48:21,000 INFO [scheduler-2] com.example.logger (DatabaseConnection.java:363) - Data synchronization complete
2024-01-13 23:51:42,000 INFO [email-sender-1] com.example.security (LoggingAspect.java:135) - User data retrieved
